#
# A fatal error has been detected by the Java Runtime Environment:
#
#  EXCEPTION_STACK_OVERFLOW (0xc00000fd) at pc=0x6400b9a3, pid=35548, tid=0x00001890
#
# JRE version: Java(TM) SE Runtime Environment (8.0_144-b01) (build 1.8.0_144-b01)
# Java VM: Java HotSpot(TM) Client VM (25.144-b01 mixed mode windows-x86 )
# Problematic frame:
# C  [jSSC-2.8_x86.dll+0xb9a3]
#
# Failed to write core dump. Minidumps are not enabled by default on client versions of Windows
#
# If you would like to submit a bug report, please visit:
#   http://bugreport.java.com/bugreport/crash.jsp
# The crash happened outside the Java Virtual Machine in native code.
# See problematic frame for where to report the bug.
#

---------------  T H R E A D  ---------------

Current thread (0x28e0b800):  JavaThread "EventThread COM9" [_thread_in_native, id=6288, stack(0x02c10000,0x02c60000)]

siginfo: ExceptionCode=0xc00000fd, ExceptionInformation=0x00000001 0x02c10a20 

Registers:
EAX=0x0005ad50, EBX=0x010bb610, ECX=0x02c10a20, EDX=0x00000000
ESP=0x02c5fa14, EBP=0x02c5fa78, ESI=0x28e0b940, EDI=0x010bb624
EIP=0x6400b9a3, EFLAGS=0x00010202

Top of Stack: (sp=0x02c5fa14)
0x02c5fa14:   000a8d50 00000000 64001739 00000014
0x02c5fa24:   00000000 00000000 00000000 00000000
0x02c5fa34:   77302293 2a79d904 010bb5f0 28e0b940
0x02c5fa44:   00000000 00000a14 010bb568 010b8750
0x02c5fa54:   00000064 00000000 010bb5f0 00000000
0x02c5fa64:   04e60bd8 00000001 00000000 000a8d46
0x02c5fa74:   28e0b800 02c5faa8 03143125 28e0b940
0x02c5fa84:   02c5fa94 00000a14 00000000 000a8d46 

Instructions: (pc=0x6400b9a3)
0x6400b983:   fd ff ff eb 91 90 90 90 90 90 90 90 90 51 50 3d
0x6400b993:   00 10 00 00 8d 4c 24 0c 72 15 81 e9 00 10 00 00
0x6400b9a3:   83 09 00 2d 00 10 00 00 3d 00 10 00 00 77 eb 29
0x6400b9b3:   c1 83 09 00 58 59 c3 90 90 8b 44 24 04 c7 00 ff 


Register to memory mapping:

EAX=0x0005ad50 is an unknown value
EBX=0x010bb610 is an unknown value
ECX=0x02c10a20 is pointing into the stack for thread: 0x28e0b800
EDX=0x00000000 is an unknown value
ESP=0x02c5fa14 is pointing into the stack for thread: 0x28e0b800
EBP=0x02c5fa78 is pointing into the stack for thread: 0x28e0b800
ESI=0x28e0b940 is an unknown value
EDI=0x010bb624 is an unknown value


Stack: [0x02c10000,0x02c60000],  sp=0x02c5fa14,  free space=318k
Native frames: (J=compiled Java code, j=interpreted, Vv=VM code, C=native code)
C  [jSSC-2.8_x86.dll+0xb9a3]
J 5121  jssc.SerialNativeInterface.readBytes(JI)[B (0 bytes) @ 0x03143125 [0x03143090+0x95]
J 4798 C1 processing.app.Serial.serialEvent(Ljssc/SerialPortEvent;)V (195 bytes) @ 0x02e6c574 [0x02e6c440+0x134]
J 3141 C1 jssc.SerialPort$EventThread.run()V (84 bytes) @ 0x02e23298 [0x02e23130+0x168]
v  ~StubRoutines::call_stub
V  [jvm.dll+0x15af45]
V  [jvm.dll+0x2213ae]
V  [jvm.dll+0x15afde]
V  [jvm.dll+0x15b166]
V  [jvm.dll+0x15b1d7]
V  [jvm.dll+0xff36f]
V  [jvm.dll+0x17dc30]
V  [jvm.dll+0x17e4aa]
V  [jvm.dll+0x1c2ec6]
C  [msvcr100.dll+0x5c556]
C  [msvcr100.dll+0x5c600]
C  [KERNEL32.DLL+0x18484]
C  [ntdll.dll+0x62fea]
C  [ntdll.dll+0x62fba]
C  0x00000000

Java frames: (J=compiled Java code, j=interpreted, Vv=VM code)
J 5121  jssc.SerialNativeInterface.readBytes(JI)[B (0 bytes) @ 0x031430e1 [0x03143090+0x51]
J 4798 C1 processing.app.Serial.serialEvent(Ljssc/SerialPortEvent;)V (195 bytes) @ 0x02e6c574 [0x02e6c440+0x134]
J 3141 C1 jssc.SerialPort$EventThread.run()V (84 bytes) @ 0x02e23298 [0x02e23130+0x168]
v  ~StubRoutines::call_stub

---------------  P R O C E S S  ---------------

Java Threads: ( => current thread )
=>0x28e0b800 JavaThread "EventThread COM9" [_thread_in_native, id=6288, stack(0x02c10000,0x02c60000)]
  0x28e10000 JavaThread "DestroyJavaVM" [_thread_blocked, id=26576, stack(0x02c60000,0x02cb0000)]
  0x28e0d400 JavaThread "TimerQueue" daemon [_thread_blocked, id=34656, stack(0x2a590000,0x2a5e0000)]
  0x28e0c000 JavaThread "AWT-EventQueue-0" [_thread_blocked, id=28040, stack(0x29780000,0x297d0000)]
  0x28e08c00 JavaThread "AWT-Shutdown" [_thread_blocked, id=24876, stack(0x296f0000,0x29740000)]
  0x2892fc00 JavaThread "Batik CleanerThread" daemon [_thread_blocked, id=38812, stack(0x293d0000,0x29420000)]
  0x28930000 JavaThread "Timer-0" [_thread_blocked, id=27856, stack(0x28fd0000,0x29020000)]
  0x2892f400 JavaThread "JmDNS(10-10-24-36.local.).State.Timer" daemon [_thread_blocked, id=34628, stack(0x28520000,0x28570000)]
  0x2892f000 JavaThread "JmDNS(10-10-24-36.local.).Timer" daemon [_thread_blocked, id=32604, stack(0x281e0000,0x28230000)]
  0x28930c00 JavaThread "SocketListener(10-10-24-36.local.)" daemon [_thread_in_native, id=21332, stack(0x28150000,0x281a0000)]
  0x288f4800 JavaThread "Multihomed mDNS.Timer" daemon [_thread_blocked, id=8904, stack(0x27d80000,0x27dd0000)]
  0x26b0d000 JavaThread "cc.arduino.packages.discoverers.serial.SerialBoardsLister" [_thread_blocked, id=23108, stack(0x26f60000,0x26fb0000)]
  0x26b0d800 JavaThread "AWT-Windows" daemon [_thread_in_native, id=39904, stack(0x26ff0000,0x27040000)]
  0x26b0c800 JavaThread "Java2D Disposer" daemon [_thread_blocked, id=38324, stack(0x26ed0000,0x26f20000)]
  0x2617d400 JavaThread "Service Thread" daemon [_thread_blocked, id=25592, stack(0x267c0000,0x26810000)]
  0x26160c00 JavaThread "C1 CompilerThread0" daemon [_thread_blocked, id=34580, stack(0x26730000,0x26780000)]
  0x2615f000 JavaThread "Attach Listener" daemon [_thread_blocked, id=39696, stack(0x266a0000,0x266f0000)]
  0x2615d000 JavaThread "Signal Dispatcher" daemon [_thread_blocked, id=31844, stack(0x26610000,0x26660000)]
  0x2614ac00 JavaThread "Finalizer" daemon [_thread_blocked, id=33556, stack(0x26490000,0x264e0000)]
  0x26134c00 JavaThread "Reference Handler" daemon [_thread_blocked, id=18844, stack(0x26400000,0x26450000)]

Other Threads:
  0x02b7e800 VMThread [stack: 0x26370000,0x263c0000] [id=36104]
  0x2618a800 WatcherThread [stack: 0x26850000,0x268a0000] [id=37860]

VM state:not at safepoint (normal execution)

VM Mutex/Monitor currently owned by a thread: None

Heap:
 def new generation   total 39424K, used 20398K [0x05000000, 0x07ac0000, 0x0faa0000)
  eden space 35072K,  52% used [0x05000000, 0x061e1398, 0x07240000)
  from space 4352K,  48% used [0x07240000, 0x0744a4b0, 0x07680000)
  to   space 4352K,   0% used [0x07680000, 0x07680000, 0x07ac0000)
 tenured generation   total 87424K, used 71896K [0x0faa0000, 0x15000000, 0x25000000)
   the space 87424K,  82% used [0x0faa0000, 0x140d6360, 0x140d6400, 0x15000000)
 Metaspace       used 19752K, capacity 20237K, committed 20352K, reserved 20864K

Card table byte_map: [0x25000000,0x25110000] byte_map_base: 0x24fd8000

Polling page: 0x02a40000

CodeCache: size=32768Kb used=2289Kb max_used=4473Kb free=30478Kb
 bounds [0x02d50000, 0x031b0000, 0x04d50000]
 total_blobs=1357 nmethods=1072 adapters=211
 compilation: enabled

Compilation events (10 events):
Event: 6836.573 Thread 0x26160c00 5333             sun.nio.cs.UTF_8$Encoder::encode (359 bytes)
Event: 6836.576 Thread 0x26160c00 nmethod 5333 0x02e33648 code [0x02e33780, 0x02e33bec]
Event: 6838.818 Thread 0x26160c00 5334   !         java.awt.Container::validate (105 bytes)
Event: 6838.820 Thread 0x26160c00 nmethod 5334 0x02e32ec8 code [0x02e33020, 0x02e3340c]
Event: 6839.303 Thread 0x26160c00 5335             sun.java2d.pipe.Region::isInsideQuickCheck (57 bytes)
Event: 6839.304 Thread 0x26160c00 nmethod 5335 0x02e32c88 code [0x02e32d80, 0x02e32e60]
Event: 6841.488 Thread 0x26160c00 5336             java.awt.Component::getHeight (5 bytes)
Event: 6841.489 Thread 0x26160c00 nmethod 5336 0x02e2f908 code [0x02e2fa00, 0x02e2fa80]
Event: 6841.490 Thread 0x26160c00 5337             javax.swing.JComponent::getBounds (50 bytes)
Event: 6841.492 Thread 0x26160c00 nmethod 5337 0x02df5288 code [0x02df5380, 0x02df5490]

GC Heap History (10 events):
Event: 4155.237 GC heap before
{Heap before GC invocations=542 (full 1):
 def new generation   total 39424K, used 37787K [0x05000000, 0x07ac0000, 0x0faa0000)
  eden space 35072K, 100% used [0x05000000, 0x07240000, 0x07240000)
  from space 4352K,  62% used [0x07680000, 0x07926e18, 0x07ac0000)
  to   space 4352K,   0% used [0x07240000, 0x07240000, 0x07680000)
 tenured generation   total 87424K, used 55971K [0x0faa0000, 0x15000000, 0x25000000)
   the space 87424K,  64% used [0x0faa0000, 0x13148ea0, 0x13149000, 0x15000000)
 Metaspace       used 19734K, capacity 20234K, committed 20352K, reserved 20864K
Event: 4155.254 GC heap after
Heap after GC invocations=543 (full 1):
 def new generation   total 39424K, used 3334K [0x05000000, 0x07ac0000, 0x0faa0000)
  eden space 35072K,   0% used [0x05000000, 0x05000000, 0x07240000)
  from space 4352K,  76% used [0x07240000, 0x07581b78, 0x07680000)
  to   space 4352K,   0% used [0x07680000, 0x07680000, 0x07ac0000)
 tenured generation   total 87424K, used 56548K [0x0faa0000, 0x15000000, 0x25000000)
   the space 87424K,  64% used [0x0faa0000, 0x131d9138, 0x131d9200, 0x15000000)
 Metaspace       used 19734K, capacity 20234K, committed 20352K, reserved 20864K
}
Event: 6001.892 GC heap before
{Heap before GC invocations=543 (full 1):
 def new generation   total 39424K, used 38406K [0x05000000, 0x07ac0000, 0x0faa0000)
  eden space 35072K, 100% used [0x05000000, 0x07240000, 0x07240000)
  from space 4352K,  76% used [0x07240000, 0x07581b78, 0x07680000)
  to   space 4352K,   0% used [0x07680000, 0x07680000, 0x07ac0000)
 tenured generation   total 87424K, used 56548K [0x0faa0000, 0x15000000, 0x25000000)
   the space 87424K,  64% used [0x0faa0000, 0x131d9138, 0x131d9200, 0x15000000)
 Metaspace       used 19734K, capacity 20234K, committed 20352K, reserved 20864K
Event: 6001.904 GC heap after
Heap after GC invocations=544 (full 1):
 def new generation   total 39424K, used 1794K [0x05000000, 0x07ac0000, 0x0faa0000)
  eden space 35072K,   0% used [0x05000000, 0x05000000, 0x07240000)
  from space 4352K,  41% used [0x07680000, 0x07840900, 0x07ac0000)
  to   space 4352K,   0% used [0x07240000, 0x07240000, 0x07680000)
 tenured generation   total 87424K, used 58019K [0x0faa0000, 0x15000000, 0x25000000)
   the space 87424K,  66% used [0x0faa0000, 0x13348eb0, 0x13349000, 0x15000000)
 Metaspace       used 19734K, capacity 20234K, committed 20352K, reserved 20864K
}
Event: 6486.223 GC heap before
{Heap before GC invocations=544 (full 1):
 def new generation   total 39424K, used 36358K [0x05000000, 0x07ac0000, 0x0faa0000)
  eden space 35072K,  98% used [0x05000000, 0x071c1088, 0x07240000)
  from space 4352K,  41% used [0x07680000, 0x07840900, 0x07ac0000)
  to   space 4352K,   0% used [0x07240000, 0x07240000, 0x07680000)
 tenured generation   total 87424K, used 58019K [0x0faa0000, 0x15000000, 0x25000000)
   the space 87424K,  66% used [0x0faa0000, 0x13348eb0, 0x13349000, 0x15000000)
 Metaspace       used 19740K, capacity 20234K, committed 20352K, reserved 20864K
Event: 6486.245 GC heap after
Heap after GC invocations=545 (full 1):
 def new generation   total 39424K, used 4352K [0x05000000, 0x07ac0000, 0x0faa0000)
  eden space 35072K,   0% used [0x05000000, 0x05000000, 0x07240000)
  from space 4352K, 100% used [0x07240000, 0x07680000, 0x07680000)
  to   space 4352K,   0% used [0x07680000, 0x07680000, 0x07ac0000)
 tenured generation   total 87424K, used 63763K [0x0faa0000, 0x15000000, 0x25000000)
   the space 87424K,  72% used [0x0faa0000, 0x138e4eb8, 0x138e5000, 0x15000000)
 Metaspace       used 19740K, capacity 20234K, committed 20352K, reserved 20864K
}
Event: 6633.373 GC heap before
{Heap before GC invocations=545 (full 1):
 def new generation   total 39424K, used 39247K [0x05000000, 0x07ac0000, 0x0faa0000)
  eden space 35072K,  99% used [0x05000000, 0x07213cd0, 0x07240000)
  from space 4352K, 100% used [0x07240000, 0x07680000, 0x07680000)
  to   space 4352K,   0% used [0x07680000, 0x07680000, 0x07ac0000)
 tenured generation   total 87424K, used 63763K [0x0faa0000, 0x15000000, 0x25000000)
   the space 87424K,  72% used [0x0faa0000, 0x138e4eb8, 0x138e5000, 0x15000000)
 Metaspace       used 19741K, capacity 20237K, committed 20352K, reserved 20864K
Event: 6633.389 GC heap after
Heap after GC invocations=546 (full 1):
 def new generation   total 39424K, used 4352K [0x05000000, 0x07ac0000, 0x0faa0000)
  eden space 35072K,   0% used [0x05000000, 0x05000000, 0x07240000)
  from space 4352K, 100% used [0x07680000, 0x07ac0000, 0x07ac0000)
  to   space 4352K,   0% used [0x07240000, 0x07240000, 0x07680000)
 tenured generation   total 87424K, used 67963K [0x0faa0000, 0x15000000, 0x25000000)
   the space 87424K,  77% used [0x0faa0000, 0x13cfef40, 0x13cff000, 0x15000000)
 Metaspace       used 19741K, capacity 20237K, committed 20352K, reserved 20864K
}
Event: 6758.260 GC heap before
{Heap before GC invocations=546 (full 1):
 def new generation   total 39424K, used 39424K [0x05000000, 0x07ac0000, 0x0faa0000)
  eden space 35072K, 100% used [0x05000000, 0x07240000, 0x07240000)
  from space 4352K, 100% used [0x07680000, 0x07ac0000, 0x07ac0000)
  to   space 4352K,   0% used [0x07240000, 0x07240000, 0x07680000)
 tenured generation   total 87424K, used 67963K [0x0faa0000, 0x15000000, 0x25000000)
   the space 87424K,  77% used [0x0faa0000, 0x13cfef40, 0x13cff000, 0x15000000)
 Metaspace       used 19741K, capacity 20237K, committed 20352K, reserved 20864K
Event: 6758.278 GC heap after
Heap after GC invocations=547 (full 1):
 def new generation   total 39424K, used 2089K [0x05000000, 0x07ac0000, 0x0faa0000)
  eden space 35072K,   0% used [0x05000000, 0x05000000, 0x07240000)
  from space 4352K,  48% used [0x07240000, 0x0744a4b0, 0x07680000)
  to   space 4352K,   0% used [0x07680000, 0x07680000, 0x07ac0000)
 tenured generation   total 87424K, used 71896K [0x0faa0000, 0x15000000, 0x25000000)
   the space 87424K,  82% used [0x0faa0000, 0x140d6360, 0x140d6400, 0x15000000)
 Metaspace       used 19741K, capacity 20237K, committed 20352K, reserved 20864K
}

Deoptimization events (0 events):
No events

Internal exceptions (10 events):
Event: 6630.202 Thread 0x28e0cc00 Exception <a 'sun/nio/fs/WindowsException'> (0x06be8058) thrown at [C:\workspace\8-2-build-windows-i586-cygwin\jdk8u144\9417\hotspot\src\share\vm\prims\jni.cpp, line 709]
Event: 6630.202 Thread 0x28e0cc00 Exception <a 'sun/nio/fs/WindowsException'> (0x06be8610) thrown at [C:\workspace\8-2-build-windows-i586-cygwin\jdk8u144\9417\hotspot\src\share\vm\prims\jni.cpp, line 709]
Event: 6630.203 Thread 0x28e0cc00 Exception <a 'sun/nio/fs/WindowsException'> (0x06bf3f18) thrown at [C:\workspace\8-2-build-windows-i586-cygwin\jdk8u144\9417\hotspot\src\share\vm\prims\jni.cpp, line 709]
Event: 6630.203 Thread 0x28e0cc00 Exception <a 'sun/nio/fs/WindowsException'> (0x06bf44c0) thrown at [C:\workspace\8-2-build-windows-i586-cygwin\jdk8u144\9417\hotspot\src\share\vm\prims\jni.cpp, line 709]
Event: 6630.204 Thread 0x28e0cc00 Exception <a 'sun/nio/fs/WindowsException'> (0x06bff898) thrown at [C:\workspace\8-2-build-windows-i586-cygwin\jdk8u144\9417\hotspot\src\share\vm\prims\jni.cpp, line 709]
Event: 6630.204 Thread 0x28e0cc00 Exception <a 'sun/nio/fs/WindowsException'> (0x06bffe78) thrown at [C:\workspace\8-2-build-windows-i586-cygwin\jdk8u144\9417\hotspot\src\share\vm\prims\jni.cpp, line 709]
Event: 6630.205 Thread 0x28e0cc00 Exception <a 'sun/nio/fs/WindowsException'> (0x06c0a7a8) thrown at [C:\workspace\8-2-build-windows-i586-cygwin\jdk8u144\9417\hotspot\src\share\vm\prims\jni.cpp, line 709]
Event: 6630.205 Thread 0x28e0cc00 Exception <a 'sun/nio/fs/WindowsException'> (0x06c0ad60) thrown at [C:\workspace\8-2-build-windows-i586-cygwin\jdk8u144\9417\hotspot\src\share\vm\prims\jni.cpp, line 709]
Event: 6630.206 Thread 0x28e0cc00 Exception <a 'sun/nio/fs/WindowsException'> (0x06c15390) thrown at [C:\workspace\8-2-build-windows-i586-cygwin\jdk8u144\9417\hotspot\src\share\vm\prims\jni.cpp, line 709]
Event: 6630.206 Thread 0x28e0cc00 Exception <a 'sun/nio/fs/WindowsException'> (0x06c158f8) thrown at [C:\workspace\8-2-build-windows-i586-cygwin\jdk8u144\9417\hotspot\src\share\vm\prims\jni.cpp, line 709]

Events (10 events):
Event: 6836.578 loading class java/util/concurrent/Semaphore$Sync done
Event: 6836.578 loading class java/util/concurrent/Semaphore$FairSync done
Event: 6841.493 Thread 0x26160c00 flushing nmethod 0x030e3908
Event: 6841.493 Thread 0x26160c00 flushing nmethod 0x030e3b48
Event: 6841.493 Thread 0x26160c00 flushing nmethod 0x030e8508
Event: 6841.493 Thread 0x26160c00 flushing nmethod 0x030e86c8
Event: 6841.493 Thread 0x26160c00 flushing nmethod 0x030e9288
Event: 6841.493 Thread 0x26160c00 flushing nmethod 0x030e9448
Event: 6841.493 Thread 0x26160c00 flushing nmethod 0x030ea708
Event: 6841.493 Thread 0x26160c00 flushing nmethod 0x030ea9c8


Dynamic libraries:
0x00370000 - 0x003a3000 	C:\Program Files (x86)\Arduino\java\bin\javaw.exe
0x772c0000 - 0x77450000 	C:\WINDOWS\SYSTEM32\ntdll.dll
0x73f50000 - 0x74030000 	C:\WINDOWS\System32\KERNEL32.DLL
0x742a0000 - 0x74484000 	C:\WINDOWS\System32\KERNELBASE.dll
0x73bb0000 - 0x73c28000 	C:\WINDOWS\System32\ADVAPI32.dll
0x741e0000 - 0x7429f000 	C:\WINDOWS\System32\msvcrt.dll
0x73e90000 - 0x73ed4000 	C:\WINDOWS\System32\sechost.dll
0x744e0000 - 0x745a0000 	C:\WINDOWS\System32\RPCRT4.dll
0x73b80000 - 0x73ba0000 	C:\WINDOWS\System32\SspiCli.dll
0x73b70000 - 0x73b7a000 	C:\WINDOWS\System32\CRYPTBASE.dll
0x75390000 - 0x753e8000 	C:\WINDOWS\System32\bcryptPrimitives.dll
0x75090000 - 0x7521d000 	C:\WINDOWS\System32\USER32.dll
0x753f0000 - 0x75407000 	C:\WINDOWS\System32\win32u.dll
0x741b0000 - 0x741d2000 	C:\WINDOWS\System32\GDI32.dll
0x75410000 - 0x75574000 	C:\WINDOWS\System32\gdi32full.dll
0x76b30000 - 0x76bad000 	C:\WINDOWS\System32\msvcp_win.dll
0x74a10000 - 0x74b2e000 	C:\WINDOWS\System32\ucrtbase.dll
0x6d620000 - 0x6d824000 	C:\WINDOWS\WinSxS\x86_microsoft.windows.common-controls_6595b64144ccf1df_6.0.17134.165_none_42efcd1c44e192b2\COMCTL32.dll
0x75580000 - 0x757dc000 	C:\WINDOWS\System32\combase.dll
0x74490000 - 0x744b6000 	C:\WINDOWS\System32\IMM32.DLL
0x5de70000 - 0x5df2f000 	C:\Program Files (x86)\Arduino\java\bin\msvcr100.dll
0x51fa0000 - 0x5236e000 	C:\Program Files (x86)\Arduino\java\bin\client\jvm.dll
0x74150000 - 0x74156000 	C:\WINDOWS\System32\PSAPI.DLL
0x72de0000 - 0x72de8000 	C:\WINDOWS\SYSTEM32\WSOCK32.dll
0x74f70000 - 0x74fd7000 	C:\WINDOWS\System32\WS2_32.dll
0x737c0000 - 0x737e4000 	C:\WINDOWS\SYSTEM32\WINMM.dll
0x73770000 - 0x73778000 	C:\WINDOWS\SYSTEM32\VERSION.dll
0x734b0000 - 0x734d3000 	C:\WINDOWS\SYSTEM32\WINMMBASE.dll
0x74110000 - 0x74149000 	C:\WINDOWS\System32\cfgmgr32.dll
0x61580000 - 0x615b0000 	C:\Program Files (x86)\Arduino\java\bin\splashscreen.dll
0x737f0000 - 0x7386c000 	C:\WINDOWS\system32\uxtheme.dll
0x68b50000 - 0x68b5c000 	C:\Program Files (x86)\Arduino\java\bin\verify.dll
0x61240000 - 0x61261000 	C:\Program Files (x86)\Arduino\java\bin\java.dll
0x748c0000 - 0x74a04000 	C:\WINDOWS\System32\MSCTF.dll
0x74fe0000 - 0x75076000 	C:\WINDOWS\System32\OLEAUT32.dll
0x63050000 - 0x63063000 	C:\Program Files (x86)\Arduino\java\bin\zip.dll
0x73ba0000 - 0x73baf000 	C:\WINDOWS\System32\kernel.appcore.dll
0x5f140000 - 0x5f1be000 	C:\WINDOWS\System32\TextInputFramework.dll
0x54d10000 - 0x54f6d000 	C:\WINDOWS\System32\CoreUIComponents.dll
0x5c4a0000 - 0x5c52b000 	C:\WINDOWS\System32\CoreMessaging.dll
0x74630000 - 0x746b8000 	C:\WINDOWS\System32\SHCORE.dll
0x707c0000 - 0x707e9000 	C:\WINDOWS\SYSTEM32\ntmarta.dll
0x6f540000 - 0x6f616000 	C:\WINDOWS\SYSTEM32\wintypes.dll
0x73710000 - 0x73733000 	C:\WINDOWS\system32\dwmapi.dll
0x757e0000 - 0x76b2a000 	C:\WINDOWS\System32\SHELL32.dll
0x76c10000 - 0x771ca000 	C:\WINDOWS\System32\windows.storage.dll
0x75340000 - 0x75385000 	C:\WINDOWS\System32\shlwapi.dll
0x744c0000 - 0x744d8000 	C:\WINDOWS\System32\profapi.dll
0x74160000 - 0x741a5000 	C:\WINDOWS\System32\powrprof.dll
0x74f60000 - 0x74f68000 	C:\WINDOWS\System32\FLTLIB.DLL
0x61940000 - 0x619b2000 	C:\Program Files (x86)\Arduino\lib\listSerialsj.dll
0x74b30000 - 0x74f5b000 	C:\WINDOWS\System32\SETUPAPI.dll
0x62600000 - 0x6261d000 	C:\Program Files (x86)\Arduino\lib\jnidispatch-4.2.2-win32-x86.dll
0x75240000 - 0x7533c000 	C:\WINDOWS\System32\Ole32.dll
0x61220000 - 0x61236000 	C:\Program Files (x86)\Arduino\java\bin\net.dll
0x6f100000 - 0x6f156000 	C:\WINDOWS\system32\mswsock.dll
0x66f00000 - 0x66f0f000 	C:\Program Files (x86)\Arduino\java\bin\nio.dll
0x57b60000 - 0x57ca5000 	C:\Program Files (x86)\Arduino\java\bin\awt.dll
0x73ad0000 - 0x73b6d000 	C:\WINDOWS\SYSTEM32\apphelp.dll
0x5f080000 - 0x5f0b9000 	C:\Program Files (x86)\Arduino\java\bin\fontmanager.dll
0x5c570000 - 0x5c649000 	C:\WINDOWS\system32\opengl32.dll
0x5c530000 - 0x5c56f000 	C:\WINDOWS\SYSTEM32\GLU32.dll
0x5c460000 - 0x5c492000 	C:\Program Files (x86)\Arduino\java\bin\t2k.dll
0x730d0000 - 0x73100000 	C:\WINDOWS\SYSTEM32\IPHLPAPI.DLL
0x73f40000 - 0x73f47000 	C:\WINDOWS\System32\NSI.dll
0x6f0e0000 - 0x6f0f3000 	C:\WINDOWS\SYSTEM32\dhcpcsvc6.DLL
0x6f0c0000 - 0x6f0d4000 	C:\WINDOWS\SYSTEM32\dhcpcsvc.DLL
0x72590000 - 0x7261e000 	C:\WINDOWS\SYSTEM32\DNSAPI.dll
0x6b340000 - 0x6b348000 	C:\Windows\System32\rasadhlp.dll
0x5c3f0000 - 0x5c459000 	C:\Program Files (x86)\Arduino\msvcp100.dll
0x5be70000 - 0x5bf2e000 	C:\Program Files (x86)\Arduino\msvcr100.dll
0x29020000 - 0x29052000 	C:\Program Files (x86)\Arduino\lib\AStylej.dll
0x5de40000 - 0x5de64000 	C:\Program Files (x86)\Arduino\java\bin\dcpr.dll
0x746c0000 - 0x74743000 	C:\WINDOWS\System32\clbcatq.dll
0x62d60000 - 0x62ed1000 	C:\WINDOWS\SYSTEM32\WindowsCodecs.dll
0x676a0000 - 0x676ef000 	C:\WINDOWS\system32\dataexchange.dll
0x61310000 - 0x61562000 	C:\WINDOWS\system32\d3d11.dll
0x62f10000 - 0x6304c000 	C:\WINDOWS\system32\dcomp.dll
0x6f8b0000 - 0x6f948000 	C:\WINDOWS\system32\dxgi.dll
0x622a0000 - 0x62405000 	C:\WINDOWS\system32\twinapi.appcore.dll
0x6f450000 - 0x6f46a000 	C:\WINDOWS\system32\RMCLIENT.dll
0x69e50000 - 0x69e9f000 	C:\WINDOWS\System32\fwpuclnt.dll
0x730b0000 - 0x730c9000 	C:\WINDOWS\SYSTEM32\bcrypt.dll
0x66f70000 - 0x66f92000 	C:\WINDOWS\SYSTEM32\DEVOBJ.dll
0x73c30000 - 0x73c77000 	C:\WINDOWS\System32\WINTRUST.dll
0x75080000 - 0x7508e000 	C:\WINDOWS\System32\MSASN1.dll
0x73c90000 - 0x73e26000 	C:\WINDOWS\System32\CRYPT32.dll
0x64000000 - 0x6401b000 	C:\Program Files (x86)\Arduino\lib\jSSC-2.8_x86.dll
0x69df0000 - 0x69e45000 	C:\WINDOWS\system32\Ninput.dll
0x723c0000 - 0x72542000 	C:\WINDOWS\SYSTEM32\dbghelp.dll

VM Arguments:
jvm_args: -Dsun.java2d.d3d=false -Djna.nosys=true -Djna.nounpack=true -Djna.boot.library.name=jnidispatch-4.2.2-win32-x86 -Djna.boot.library.path=C:\Program Files (x86)\Arduino/lib -Djssc.library.path=C:\Program Files (x86)\Arduino/lib -DAPP_DIR=C:\Program Files (x86)\Arduino -Xms128M -Xmx512M 
java_command: processing.app.Base C:\Users\patri\Documents\Arduino\Detroit-Maker-Fair\Mega\Mega.ino
java_class_path (initial): C:\Program Files (x86)\Arduino\lib\apple.jar;C:\Program Files (x86)\Arduino\lib\arduino-core.jar;C:\Program Files (x86)\Arduino\lib\batik-1.8.jar;C:\Program Files (x86)\Arduino\lib\batik-anim-1.8.jar;C:\Program Files (x86)\Arduino\lib\batik-awt-util-1.8.jar;C:\Program Files (x86)\Arduino\lib\batik-bridge-1.8.jar;C:\Program Files (x86)\Arduino\lib\batik-codec-1.8.jar;C:\Program Files (x86)\Arduino\lib\batik-css-1.8.jar;C:\Program Files (x86)\Arduino\lib\batik-dom-1.8.jar;C:\Program Files (x86)\Arduino\lib\batik-ext-1.8.jar;C:\Program Files (x86)\Arduino\lib\batik-gvt-1.8.jar;C:\Program Files (x86)\Arduino\lib\batik-parser-1.8.jar;C:\Program Files (x86)\Arduino\lib\batik-rasterizer-1.8.jar;C:\Program Files (x86)\Arduino\lib\batik-script-1.8.jar;C:\Program Files (x86)\Arduino\lib\batik-squiggle-1.8.jar;C:\Program Files (x86)\Arduino\lib\batik-svg-dom-1.8.jar;C:\Program Files (x86)\Arduino\lib\batik-svgpp-1.8.jar;C:\Program Files (x86)\Arduino\lib\batik-transcoder-1.8.jar;C:\Program Files (x86)\Arduino\lib\batik-util-1.8.jar;C:\Program Files (x86)\Arduino\lib\batik-xml-1.8.jar;C:\Program Files (x86)\Arduino\lib\bcpg-jdk15on-152.jar;C:\Program Files (x86)\Arduino\lib\bcprov-jdk15on-152.jar;C:\Program Files (x86)\Arduino\lib\commons-codec-1.7.jar;C:\Program Files (x86)\Arduino\lib\commons-compress-1.8.jar;C:\Program Files (x86)\Arduino\lib\commons-exec-1.1.jar;C:\Program Files (x86)\Arduino\lib\commons-httpclient-3.1.jar;C:\Program Files (x86)\Arduino\lib\commons-lang3-3.3.2.jar;C:\Program Files (x86)\Arduino\lib\commons-logging-1.0.4.jar;C:\Program Files (x86)\Arduino\lib\commons-net-3.3.jar;C:\Program Files (x86)\Arduino\lib\jackson-annotations-2.6.3.jar;C:\Program Files (x86)\Arduino\lib\jackson-core-2.6.3.jar;C:\Program Files (x86)\Arduino\lib\jackson-databind-2.6.3.jar;C:\Program Files (x86)\Arduino\lib\jackson-module-mrbean-2.6.3.jar;C:\Program Files (x86)\Arduino\lib\java-semver-0.8.0.jar;C:\Program Files (x86)\Arduino\lib\jmdns-3.5.1.j
Launcher Type: SUN_STANDARD

Environment Variables:
PATH=C:\Program Files (x86)\Python36-32\Scripts\;C:\Program Files (x86)\Python36-32\;C:\Program Files (x86)\Intel\iCLS Client\;C:\Program Files (x86)\Google\Chrome\Application;C:\Program Files\Intel\iCLS Client\;C:\ProgramData\Oracle\Java\javapath;C:\WINDOWS\system32;C:\WINDOWS;C:\WINDOWS\System32\Wbem;C:\WINDOWS\System32\WindowsPowerShell\v1.0\;C:\Android;C:\Windows\System32;C:\Program Files\PuTTY\;C:\Program Files\Java\jdk1.8.0_152\bin;C:\Users\patri\AppData\Local\Microsoft\WindowsApps;C:\Users\patri\AppData\Local\GitHubDesktop\bin;C:\Program Files\Microsoft VS Code\bin;C:\adb;C:\Program Files (x86)\Intel\Intel(R) Management Engine Components\DAL;C:\Program Files\Intel\Intel(R) Management Engine Components\DAL;C:\Program Files (x86)\Intel\Intel(R) Management Engine Components\IPT;C:\Program Files\Intel\Intel(R) Management Engine Components\IPT;C:\WINDOWS\system32;C:\WINDOWS;C:\WINDOWS\System32\Wbem;C:\WINDOWS\System32\WindowsPowerShell\v1.0\;C:\WINDOWS\System32\OpenSSH\;C:\Program Files\Git\cmd;C:\Program Files\nodejs\;C:\Users\patri\AppData\Local\Microsoft\WindowsApps;C:\Users\patri\AppData\Local\Microsoft\WindowsApps;C:\Program Files\Microsoft VS Code\bin;C:\Users\patri\AppData\Local\GitHubDesktop\bin;C:\Users\patri\AppData\Local\atom\bin;C:\Users\patri\AppData\Roaming\npm;C:\Program Files (x86)\Arduino\java\bin
USERNAME=Work
OS=Windows_NT
PROCESSOR_IDENTIFIER=Intel64 Family 6 Model 142 Stepping 9, GenuineIntel



---------------  S Y S T E M  ---------------

OS: Windows 10.0 , 64 bit Build 17134 (10.0.17134.1)

CPU:total 4 (initial active 4) (2 cores per cpu, 2 threads per core) family 6 model 142 stepping 9, cmov, cx8, fxsr, mmx, sse, sse2, sse3, ssse3, sse4.1, sse4.2, popcnt, avx, avx2, aes, clmul, erms, 3dnowpref, lzcnt, ht, tsc, tscinvbit, bmi1, bmi2, adx

Memory: 4k page, physical 8109984k(2426368k free), swap 11694840k(2154596k free)

vm_info: Java HotSpot(TM) Client VM (25.144-b01) for windows-x86 JRE (1.8.0_144-b01), built on Jul 21 2017 21:58:05 by "java_re" with MS VC++ 10.0 (VS2010)

time: Fri Aug 03 14:52:27 2018
elapsed time: 10196 seconds (0d 2h 49m 56s)

